<?xml version="1.0" encoding="UTF-8"?>
<testng-results skipped="0" failed="1" ignored="12" total="16" passed="3">
  <reporter-output>
  </reporter-output>
  <suite name="Suite" duration-ms="128" started-at="2020-03-23T13:10:01 EET" finished-at="2020-03-23T13:10:01 EET">
    <groups>
      <group name="smoke">
        <method signature="FirstClass.class1method1()[pri:0, instance:playground.FirstClass@3e9b1010]" name="class1method1" class="playground.FirstClass"/>
        <method signature="FourthClass.class4method1()[pri:0, instance:playground.FourthClass@18eed359]" name="class4method1" class="playground.FourthClass"/>
        <method signature="SecondClass.class2method1()[pri:0, instance:playground.SecondClass@520a3426]" name="class2method1" class="playground.SecondClass"/>
        <method signature="ThirdClass.class3method2()[pri:0, instance:playground.ThirdClass@6536e911]" name="class3method2" class="playground.ThirdClass"/>
      </group> <!-- smoke -->
    </groups>
    <test name="All the classes" duration-ms="128" started-at="2020-03-23T13:10:01 EET" finished-at="2020-03-23T13:10:01 EET">
      <class name="playground.FirstClass">
        <test-method status="FAIL" signature="class1method1()[pri:0, instance:playground.FirstClass@3e9b1010]" name="class1method1" duration-ms="10" started-at="2020-03-23T13:10:01 EET" finished-at="2020-03-23T13:10:01 EET">
          <exception class="java.lang.AssertionError">
            <message>
              <![CDATA[did not expect to find [true] but found [false]]]>
            </message>
            <full-stacktrace>
              <![CDATA[java.lang.AssertionError: did not expect to find [true] but found [false]
at org.testng.Assert.fail(Assert.java:97)
at org.testng.Assert.failNotEquals(Assert.java:969)
at org.testng.Assert.assertTrue(Assert.java:43)
at org.testng.Assert.assertTrue(Assert.java:53)
at playground.FirstClass.class1method1(FirstClass.java:41)
at sun.reflect.NativeMethodAccessorImpl.invoke0(Native Method)
at sun.reflect.NativeMethodAccessorImpl.invoke(Unknown Source)
at sun.reflect.DelegatingMethodAccessorImpl.invoke(Unknown Source)
at java.lang.reflect.Method.invoke(Unknown Source)
at org.testng.internal.MethodInvocationHelper.invokeMethod(MethodInvocationHelper.java:133)
at org.testng.internal.TestInvoker.invokeMethod(TestInvoker.java:584)
at org.testng.internal.TestInvoker.invokeTestMethod(TestInvoker.java:172)
at org.testng.internal.MethodRunner.runInSequence(MethodRunner.java:46)
at org.testng.internal.TestInvoker$MethodInvocationAgent.invoke(TestInvoker.java:804)
at org.testng.internal.TestInvoker.invokeTestMethods(TestInvoker.java:145)
at org.testng.internal.TestMethodWorker.invokeTestMethods(TestMethodWorker.java:146)
at org.testng.internal.TestMethodWorker.run(TestMethodWorker.java:128)
at java.util.ArrayList.forEach(Unknown Source)
at org.testng.TestRunner.privateRun(TestRunner.java:770)
at org.testng.TestRunner.run(TestRunner.java:591)
at org.testng.SuiteRunner.runTest(SuiteRunner.java:402)
at org.testng.SuiteRunner.runSequentially(SuiteRunner.java:396)
at org.testng.SuiteRunner.privateRun(SuiteRunner.java:355)
at org.testng.SuiteRunner.run(SuiteRunner.java:304)
at org.testng.SuiteRunnerWorker.runSuite(SuiteRunnerWorker.java:53)
at org.testng.SuiteRunnerWorker.run(SuiteRunnerWorker.java:96)
at org.testng.TestNG.runSuitesSequentially(TestNG.java:1180)
at org.testng.TestNG.runSuitesLocally(TestNG.java:1102)
at org.testng.TestNG.runSuites(TestNG.java:1032)
at org.testng.TestNG.run(TestNG.java:1000)
at org.testng.remote.AbstractRemoteTestNG.run(AbstractRemoteTestNG.java:115)
at org.testng.remote.RemoteTestNG.initAndRun(RemoteTestNG.java:251)
at org.testng.remote.RemoteTestNG.main(RemoteTestNG.java:77)
]]>
            </full-stacktrace>
          </exception> <!-- java.lang.AssertionError -->
          <reporter-output>
          </reporter-output>
        </test-method> <!-- class1method1 -->
      </class> <!-- playground.FirstClass -->
      <class name="playground.SecondClass">
        <test-method status="PASS" signature="class2method1()[pri:0, instance:playground.SecondClass@520a3426]" name="class2method1" duration-ms="2" started-at="2020-03-23T13:10:01 EET" finished-at="2020-03-23T13:10:01 EET">
          <reporter-output>
          </reporter-output>
        </test-method> <!-- class2method1 -->
      </class> <!-- playground.SecondClass -->
      <class name="playground.FourthClass">
        <test-method status="PASS" signature="class4method1()[pri:0, instance:playground.FourthClass@18eed359]" name="class4method1" duration-ms="1" started-at="2020-03-23T13:10:01 EET" finished-at="2020-03-23T13:10:01 EET">
          <reporter-output>
          </reporter-output>
        </test-method> <!-- class4method1 -->
      </class> <!-- playground.FourthClass -->
      <class name="playground.ThirdClass">
        <test-method status="PASS" signature="class3method2()[pri:0, instance:playground.ThirdClass@6536e911]" name="class3method2" duration-ms="19" started-at="2020-03-23T13:10:01 EET" finished-at="2020-03-23T13:10:01 EET">
          <reporter-output>
          </reporter-output>
        </test-method> <!-- class3method2 -->
      </class> <!-- playground.ThirdClass -->
    </test> <!-- All the classes -->
  </suite> <!-- Suite -->
</testng-results>
