<?xml version="1.0" encoding="UTF-8"?>
<!-- Generated by org.testng.reporters.JUnitXMLReporter -->
<testsuite hostname="DESKTOP-ADGURQB" ignored="0" name="Default test" tests="6" failures="1" timestamp="2020-03-20T16:00:39 EET" time="0.113" errors="0">
  <testcase name="class1method1" time="0.012" classname="playground.primaClasa"/>
  <testcase name="class1method2" time="0.0" classname="playground.primaClasa">
    <failure type="org.testng.TestNGException" message="
Parameter &amp;apos;test&amp;apos; is required by @Test on method class1method2 but has not been marked @Optional or defined
in C:\Users\Florin\AppData\Local\Temp\testng-eclipse-349595345\testng-customsuite.xml">
      <![CDATA[org.testng.TestNGException: 
Parameter 'test' is required by @Test on method class1method2 but has not been marked @Optional or defined
in C:\Users\Florin\AppData\Local\Temp\testng-eclipse-349595345\testng-customsuite.xml
at org.testng.internal.Parameters.createParams(Parameters.java:289)
at org.testng.internal.Parameters.createParametersForMethod(Parameters.java:377)
at org.testng.internal.Parameters.createParameters(Parameters.java:721)
at org.testng.internal.Parameters.handleParameters(Parameters.java:895)
at org.testng.internal.Parameters.handleParameters(Parameters.java:762)
at org.testng.internal.ParameterHandler.handleParameters(ParameterHandler.java:60)
at org.testng.internal.ParameterHandler.createParameters(ParameterHandler.java:39)
at org.testng.internal.TestInvoker$MethodInvocationAgent.invoke(TestInvoker.java:771)
at org.testng.internal.TestInvoker.invokeTestMethods(TestInvoker.java:145)
at org.testng.internal.TestMethodWorker.invokeTestMethods(TestMethodWorker.java:146)
at org.testng.internal.TestMethodWorker.run(TestMethodWorker.java:128)
at java.util.ArrayList.forEach(Unknown Source)
at org.testng.TestRunner.privateRun(TestRunner.java:770)
at org.testng.TestRunner.run(TestRunner.java:591)
at org.testng.SuiteRunner.runTest(SuiteRunner.java:402)
at org.testng.SuiteRunner.runSequentially(SuiteRunner.java:396)
at org.testng.SuiteRunner.privateRun(SuiteRunner.java:355)
at org.testng.SuiteRunner.run(SuiteRunner.java:304)
at org.testng.SuiteRunnerWorker.runSuite(SuiteRunnerWorker.java:53)
at org.testng.SuiteRunnerWorker.run(SuiteRunnerWorker.java:96)
at org.testng.TestNG.runSuitesSequentially(TestNG.java:1180)
at org.testng.TestNG.runSuitesLocally(TestNG.java:1102)
at org.testng.TestNG.runSuites(TestNG.java:1032)
at org.testng.TestNG.run(TestNG.java:1000)
at org.testng.remote.AbstractRemoteTestNG.run(AbstractRemoteTestNG.java:115)
at org.testng.remote.RemoteTestNG.initAndRun(RemoteTestNG.java:251)
at org.testng.remote.RemoteTestNG.main(RemoteTestNG.java:77)
]]>
    </failure>
  </testcase> <!-- class1method2 -->
  <testcase name="class1method3" time="0.004" classname="playground.primaClasa"/>
  <testcase name="class1method3" time="0.001" classname="playground.primaClasa"/>
  <testcase name="class1method3" time="0.001" classname="playground.primaClasa"/>
  <testcase name="class1method4" time="0.001" classname="playground.primaClasa"/>
</testsuite> <!-- Default test -->
